<?xml version="1.0" encoding="UTF-8"?>
<testsuite xmlns:xsi="http://www.w3.org/2001/XMLSchema-instance" xsi:noNamespaceSchemaLocation="https://maven.apache.org/surefire/maven-surefire-plugin/xsd/surefire-test-report.xsd" name="com.example.insightengine.InsightEngineApplicationTests" time="1.414" tests="1" errors="0" skipped="0" failures="0">
  <properties>
    <property name="java.specification.version" value="17"/>
    <property name="sun.jnu.encoding" value="UTF-8"/>
    <property name="java.class.path" value="/Users/andres.vargas/Git/daprJavaDemo/InsightEngine/target/test-classes:/Users/andres.vargas/Git/daprJavaDemo/InsightEngine/target/classes:/Users/andres.vargas/.m2/repository/org/springframework/boot/spring-boot-starter/2.7.3/spring-boot-starter-2.7.3.jar:/Users/andres.vargas/.m2/repository/org/springframework/boot/spring-boot/2.7.3/spring-boot-2.7.3.jar:/Users/andres.vargas/.m2/repository/org/springframework/spring-context/5.3.22/spring-context-5.3.22.jar:/Users/andres.vargas/.m2/repository/org/springframework/spring-aop/5.3.22/spring-aop-5.3.22.jar:/Users/andres.vargas/.m2/repository/org/springframework/spring-beans/5.3.22/spring-beans-5.3.22.jar:/Users/andres.vargas/.m2/repository/org/springframework/spring-expression/5.3.22/spring-expression-5.3.22.jar:/Users/andres.vargas/.m2/repository/org/springframework/boot/spring-boot-autoconfigure/2.7.3/spring-boot-autoconfigure-2.7.3.jar:/Users/andres.vargas/.m2/repository/org/springframework/boot/spring-boot-starter-logging/2.7.3/spring-boot-starter-logging-2.7.3.jar:/Users/andres.vargas/.m2/repository/ch/qos/logback/logback-classic/1.2.11/logback-classic-1.2.11.jar:/Users/andres.vargas/.m2/repository/ch/qos/logback/logback-core/1.2.11/logback-core-1.2.11.jar:/Users/andres.vargas/.m2/repository/org/apache/logging/log4j/log4j-to-slf4j/2.17.2/log4j-to-slf4j-2.17.2.jar:/Users/andres.vargas/.m2/repository/org/apache/logging/log4j/log4j-api/2.17.2/log4j-api-2.17.2.jar:/Users/andres.vargas/.m2/repository/org/slf4j/jul-to-slf4j/1.7.36/jul-to-slf4j-1.7.36.jar:/Users/andres.vargas/.m2/repository/jakarta/annotation/jakarta.annotation-api/1.3.5/jakarta.annotation-api-1.3.5.jar:/Users/andres.vargas/.m2/repository/org/springframework/spring-core/5.3.22/spring-core-5.3.22.jar:/Users/andres.vargas/.m2/repository/org/springframework/spring-jcl/5.3.22/spring-jcl-5.3.22.jar:/Users/andres.vargas/.m2/repository/org/yaml/snakeyaml/1.30/snakeyaml-1.30.jar:/Users/andres.vargas/.m2/repository/org/projectlombok/lombok/1.18.22/lombok-1.18.22.jar:/Users/andres.vargas/.m2/repository/org/springframework/boot/spring-boot-starter-test/2.7.3/spring-boot-starter-test-2.7.3.jar:/Users/andres.vargas/.m2/repository/org/springframework/boot/spring-boot-test/2.7.3/spring-boot-test-2.7.3.jar:/Users/andres.vargas/.m2/repository/org/springframework/boot/spring-boot-test-autoconfigure/2.7.3/spring-boot-test-autoconfigure-2.7.3.jar:/Users/andres.vargas/.m2/repository/com/jayway/jsonpath/json-path/2.7.0/json-path-2.7.0.jar:/Users/andres.vargas/.m2/repository/net/minidev/json-smart/2.4.8/json-smart-2.4.8.jar:/Users/andres.vargas/.m2/repository/net/minidev/accessors-smart/2.4.8/accessors-smart-2.4.8.jar:/Users/andres.vargas/.m2/repository/org/ow2/asm/asm/9.1/asm-9.1.jar:/Users/andres.vargas/.m2/repository/jakarta/xml/bind/jakarta.xml.bind-api/2.3.3/jakarta.xml.bind-api-2.3.3.jar:/Users/andres.vargas/.m2/repository/jakarta/activation/jakarta.activation-api/1.2.2/jakarta.activation-api-1.2.2.jar:/Users/andres.vargas/.m2/repository/org/assertj/assertj-core/3.22.0/assertj-core-3.22.0.jar:/Users/andres.vargas/.m2/repository/org/hamcrest/hamcrest/2.2/hamcrest-2.2.jar:/Users/andres.vargas/.m2/repository/org/junit/jupiter/junit-jupiter/5.8.2/junit-jupiter-5.8.2.jar:/Users/andres.vargas/.m2/repository/org/junit/jupiter/junit-jupiter-api/5.8.2/junit-jupiter-api-5.8.2.jar:/Users/andres.vargas/.m2/repository/org/opentest4j/opentest4j/1.2.0/opentest4j-1.2.0.jar:/Users/andres.vargas/.m2/repository/org/junit/platform/junit-platform-commons/1.8.2/junit-platform-commons-1.8.2.jar:/Users/andres.vargas/.m2/repository/org/apiguardian/apiguardian-api/1.1.2/apiguardian-api-1.1.2.jar:/Users/andres.vargas/.m2/repository/org/junit/jupiter/junit-jupiter-params/5.8.2/junit-jupiter-params-5.8.2.jar:/Users/andres.vargas/.m2/repository/org/junit/jupiter/junit-jupiter-engine/5.8.2/junit-jupiter-engine-5.8.2.jar:/Users/andres.vargas/.m2/repository/org/junit/platform/junit-platform-engine/1.8.2/junit-platform-engine-1.8.2.jar:/Users/andres.vargas/.m2/repository/org/mockito/mockito-core/4.5.1/mockito-core-4.5.1.jar:/Users/andres.vargas/.m2/repository/net/bytebuddy/byte-buddy/1.12.13/byte-buddy-1.12.13.jar:/Users/andres.vargas/.m2/repository/net/bytebuddy/byte-buddy-agent/1.12.13/byte-buddy-agent-1.12.13.jar:/Users/andres.vargas/.m2/repository/org/objenesis/objenesis/3.2/objenesis-3.2.jar:/Users/andres.vargas/.m2/repository/org/mockito/mockito-junit-jupiter/4.5.1/mockito-junit-jupiter-4.5.1.jar:/Users/andres.vargas/.m2/repository/org/skyscreamer/jsonassert/1.5.1/jsonassert-1.5.1.jar:/Users/andres.vargas/.m2/repository/com/vaadin/external/google/android-json/0.0.20131108.vaadin1/android-json-0.0.20131108.vaadin1.jar:/Users/andres.vargas/.m2/repository/org/springframework/spring-test/5.3.22/spring-test-5.3.22.jar:/Users/andres.vargas/.m2/repository/org/xmlunit/xmlunit-core/2.9.0/xmlunit-core-2.9.0.jar:/Users/andres.vargas/.m2/repository/io/dapr/dapr-sdk/1.6.0/dapr-sdk-1.6.0.jar:/Users/andres.vargas/.m2/repository/io/dapr/dapr-sdk-autogen/1.6.0/dapr-sdk-autogen-1.6.0.jar:/Users/andres.vargas/.m2/repository/io/grpc/grpc-netty-shaded/1.42.1/grpc-netty-shaded-1.42.1.jar:/Users/andres.vargas/.m2/repository/com/google/guava/guava/30.1-android/guava-30.1-android.jar:/Users/andres.vargas/.m2/repository/com/google/guava/failureaccess/1.0.1/failureaccess-1.0.1.jar:/Users/andres.vargas/.m2/repository/com/google/guava/listenablefuture/9999.0-empty-to-avoid-conflict-with-guava/listenablefuture-9999.0-empty-to-avoid-conflict-with-guava.jar:/Users/andres.vargas/.m2/repository/org/checkerframework/checker-compat-qual/2.5.5/checker-compat-qual-2.5.5.jar:/Users/andres.vargas/.m2/repository/com/google/j2objc/j2objc-annotations/1.3/j2objc-annotations-1.3.jar:/Users/andres.vargas/.m2/repository/com/google/errorprone/error_prone_annotations/2.9.0/error_prone_annotations-2.9.0.jar:/Users/andres.vargas/.m2/repository/io/perfmark/perfmark-api/0.23.0/perfmark-api-0.23.0.jar:/Users/andres.vargas/.m2/repository/io/grpc/grpc-core/1.42.1/grpc-core-1.42.1.jar:/Users/andres.vargas/.m2/repository/com/google/code/gson/gson/2.9.1/gson-2.9.1.jar:/Users/andres.vargas/.m2/repository/com/google/android/annotations/4.1.1.4/annotations-4.1.1.4.jar:/Users/andres.vargas/.m2/repository/org/codehaus/mojo/animal-sniffer-annotations/1.19/animal-sniffer-annotations-1.19.jar:/Users/andres.vargas/.m2/repository/io/grpc/grpc-protobuf/1.42.1/grpc-protobuf-1.42.1.jar:/Users/andres.vargas/.m2/repository/io/grpc/grpc-api/1.42.1/grpc-api-1.42.1.jar:/Users/andres.vargas/.m2/repository/io/grpc/grpc-context/1.42.1/grpc-context-1.42.1.jar:/Users/andres.vargas/.m2/repository/com/google/code/findbugs/jsr305/3.0.2/jsr305-3.0.2.jar:/Users/andres.vargas/.m2/repository/com/google/protobuf/protobuf-java/3.17.2/protobuf-java-3.17.2.jar:/Users/andres.vargas/.m2/repository/com/google/api/grpc/proto-google-common-protos/2.0.1/proto-google-common-protos-2.0.1.jar:/Users/andres.vargas/.m2/repository/io/grpc/grpc-protobuf-lite/1.42.1/grpc-protobuf-lite-1.42.1.jar:/Users/andres.vargas/.m2/repository/io/grpc/grpc-stub/1.42.1/grpc-stub-1.42.1.jar:/Users/andres.vargas/.m2/repository/com/fasterxml/jackson/core/jackson-databind/2.13.3/jackson-databind-2.13.3.jar:/Users/andres.vargas/.m2/repository/com/fasterxml/jackson/core/jackson-annotations/2.13.3/jackson-annotations-2.13.3.jar:/Users/andres.vargas/.m2/repository/com/fasterxml/jackson/core/jackson-core/2.13.3/jackson-core-2.13.3.jar:/Users/andres.vargas/.m2/repository/io/projectreactor/reactor-core/3.4.22/reactor-core-3.4.22.jar:/Users/andres.vargas/.m2/repository/org/reactivestreams/reactive-streams/1.0.4/reactive-streams-1.0.4.jar:/Users/andres.vargas/.m2/repository/com/squareup/okhttp3/okhttp/4.9.0/okhttp-4.9.0.jar:/Users/andres.vargas/.m2/repository/com/squareup/okio/okio/2.8.0/okio-2.8.0.jar:/Users/andres.vargas/.m2/repository/org/jetbrains/kotlin/kotlin-stdlib-common/1.6.21/kotlin-stdlib-common-1.6.21.jar:/Users/andres.vargas/.m2/repository/org/jetbrains/kotlin/kotlin-stdlib/1.6.21/kotlin-stdlib-1.6.21.jar:/Users/andres.vargas/.m2/repository/org/jetbrains/annotations/13.0/annotations-13.0.jar:/Users/andres.vargas/.m2/repository/org/slf4j/slf4j-api/1.6.1/slf4j-api-1.6.1.jar:/Users/andres.vargas/.m2/repository/org/slf4j/slf4j-simple/1.6.1/slf4j-simple-1.6.1.jar:"/>
    <property name="java.vm.vendor" value="Oracle Corporation"/>
    <property name="sun.arch.data.model" value="64"/>
    <property name="java.vendor.url" value="https://java.oracle.com/"/>
    <property name="os.name" value="Mac OS X"/>
    <property name="java.vm.specification.version" value="17"/>
    <property name="sun.java.launcher" value="SUN_STANDARD"/>
    <property name="user.country" value="CO"/>
    <property name="sun.boot.library.path" value="/Users/andres.vargas/.sdkman/candidates/java/17.0.2-open/lib"/>
    <property name="sun.java.command" value="/Users/andres.vargas/Git/daprJavaDemo/InsightEngine/target/surefire/surefirebooter14222796375798149206.jar /Users/andres.vargas/Git/daprJavaDemo/InsightEngine/target/surefire 2022-09-08T10-10-59_263-jvmRun1 surefire7828924909397868674tmp surefire_04807503471911473315tmp"/>
    <property name="http.nonProxyHosts" value="local|*.local|169.254/16|*.169.254/16"/>
    <property name="jdk.debug" value="release"/>
    <property name="surefire.test.class.path" value="/Users/andres.vargas/Git/daprJavaDemo/InsightEngine/target/test-classes:/Users/andres.vargas/Git/daprJavaDemo/InsightEngine/target/classes:/Users/andres.vargas/.m2/repository/org/springframework/boot/spring-boot-starter/2.7.3/spring-boot-starter-2.7.3.jar:/Users/andres.vargas/.m2/repository/org/springframework/boot/spring-boot/2.7.3/spring-boot-2.7.3.jar:/Users/andres.vargas/.m2/repository/org/springframework/spring-context/5.3.22/spring-context-5.3.22.jar:/Users/andres.vargas/.m2/repository/org/springframework/spring-aop/5.3.22/spring-aop-5.3.22.jar:/Users/andres.vargas/.m2/repository/org/springframework/spring-beans/5.3.22/spring-beans-5.3.22.jar:/Users/andres.vargas/.m2/repository/org/springframework/spring-expression/5.3.22/spring-expression-5.3.22.jar:/Users/andres.vargas/.m2/repository/org/springframework/boot/spring-boot-autoconfigure/2.7.3/spring-boot-autoconfigure-2.7.3.jar:/Users/andres.vargas/.m2/repository/org/springframework/boot/spring-boot-starter-logging/2.7.3/spring-boot-starter-logging-2.7.3.jar:/Users/andres.vargas/.m2/repository/ch/qos/logback/logback-classic/1.2.11/logback-classic-1.2.11.jar:/Users/andres.vargas/.m2/repository/ch/qos/logback/logback-core/1.2.11/logback-core-1.2.11.jar:/Users/andres.vargas/.m2/repository/org/apache/logging/log4j/log4j-to-slf4j/2.17.2/log4j-to-slf4j-2.17.2.jar:/Users/andres.vargas/.m2/repository/org/apache/logging/log4j/log4j-api/2.17.2/log4j-api-2.17.2.jar:/Users/andres.vargas/.m2/repository/org/slf4j/jul-to-slf4j/1.7.36/jul-to-slf4j-1.7.36.jar:/Users/andres.vargas/.m2/repository/jakarta/annotation/jakarta.annotation-api/1.3.5/jakarta.annotation-api-1.3.5.jar:/Users/andres.vargas/.m2/repository/org/springframework/spring-core/5.3.22/spring-core-5.3.22.jar:/Users/andres.vargas/.m2/repository/org/springframework/spring-jcl/5.3.22/spring-jcl-5.3.22.jar:/Users/andres.vargas/.m2/repository/org/yaml/snakeyaml/1.30/snakeyaml-1.30.jar:/Users/andres.vargas/.m2/repository/org/projectlombok/lombok/1.18.22/lombok-1.18.22.jar:/Users/andres.vargas/.m2/repository/org/springframework/boot/spring-boot-starter-test/2.7.3/spring-boot-starter-test-2.7.3.jar:/Users/andres.vargas/.m2/repository/org/springframework/boot/spring-boot-test/2.7.3/spring-boot-test-2.7.3.jar:/Users/andres.vargas/.m2/repository/org/springframework/boot/spring-boot-test-autoconfigure/2.7.3/spring-boot-test-autoconfigure-2.7.3.jar:/Users/andres.vargas/.m2/repository/com/jayway/jsonpath/json-path/2.7.0/json-path-2.7.0.jar:/Users/andres.vargas/.m2/repository/net/minidev/json-smart/2.4.8/json-smart-2.4.8.jar:/Users/andres.vargas/.m2/repository/net/minidev/accessors-smart/2.4.8/accessors-smart-2.4.8.jar:/Users/andres.vargas/.m2/repository/org/ow2/asm/asm/9.1/asm-9.1.jar:/Users/andres.vargas/.m2/repository/jakarta/xml/bind/jakarta.xml.bind-api/2.3.3/jakarta.xml.bind-api-2.3.3.jar:/Users/andres.vargas/.m2/repository/jakarta/activation/jakarta.activation-api/1.2.2/jakarta.activation-api-1.2.2.jar:/Users/andres.vargas/.m2/repository/org/assertj/assertj-core/3.22.0/assertj-core-3.22.0.jar:/Users/andres.vargas/.m2/repository/org/hamcrest/hamcrest/2.2/hamcrest-2.2.jar:/Users/andres.vargas/.m2/repository/org/junit/jupiter/junit-jupiter/5.8.2/junit-jupiter-5.8.2.jar:/Users/andres.vargas/.m2/repository/org/junit/jupiter/junit-jupiter-api/5.8.2/junit-jupiter-api-5.8.2.jar:/Users/andres.vargas/.m2/repository/org/opentest4j/opentest4j/1.2.0/opentest4j-1.2.0.jar:/Users/andres.vargas/.m2/repository/org/junit/platform/junit-platform-commons/1.8.2/junit-platform-commons-1.8.2.jar:/Users/andres.vargas/.m2/repository/org/apiguardian/apiguardian-api/1.1.2/apiguardian-api-1.1.2.jar:/Users/andres.vargas/.m2/repository/org/junit/jupiter/junit-jupiter-params/5.8.2/junit-jupiter-params-5.8.2.jar:/Users/andres.vargas/.m2/repository/org/junit/jupiter/junit-jupiter-engine/5.8.2/junit-jupiter-engine-5.8.2.jar:/Users/andres.vargas/.m2/repository/org/junit/platform/junit-platform-engine/1.8.2/junit-platform-engine-1.8.2.jar:/Users/andres.vargas/.m2/repository/org/mockito/mockito-core/4.5.1/mockito-core-4.5.1.jar:/Users/andres.vargas/.m2/repository/net/bytebuddy/byte-buddy/1.12.13/byte-buddy-1.12.13.jar:/Users/andres.vargas/.m2/repository/net/bytebuddy/byte-buddy-agent/1.12.13/byte-buddy-agent-1.12.13.jar:/Users/andres.vargas/.m2/repository/org/objenesis/objenesis/3.2/objenesis-3.2.jar:/Users/andres.vargas/.m2/repository/org/mockito/mockito-junit-jupiter/4.5.1/mockito-junit-jupiter-4.5.1.jar:/Users/andres.vargas/.m2/repository/org/skyscreamer/jsonassert/1.5.1/jsonassert-1.5.1.jar:/Users/andres.vargas/.m2/repository/com/vaadin/external/google/android-json/0.0.20131108.vaadin1/android-json-0.0.20131108.vaadin1.jar:/Users/andres.vargas/.m2/repository/org/springframework/spring-test/5.3.22/spring-test-5.3.22.jar:/Users/andres.vargas/.m2/repository/org/xmlunit/xmlunit-core/2.9.0/xmlunit-core-2.9.0.jar:/Users/andres.vargas/.m2/repository/io/dapr/dapr-sdk/1.6.0/dapr-sdk-1.6.0.jar:/Users/andres.vargas/.m2/repository/io/dapr/dapr-sdk-autogen/1.6.0/dapr-sdk-autogen-1.6.0.jar:/Users/andres.vargas/.m2/repository/io/grpc/grpc-netty-shaded/1.42.1/grpc-netty-shaded-1.42.1.jar:/Users/andres.vargas/.m2/repository/com/google/guava/guava/30.1-android/guava-30.1-android.jar:/Users/andres.vargas/.m2/repository/com/google/guava/failureaccess/1.0.1/failureaccess-1.0.1.jar:/Users/andres.vargas/.m2/repository/com/google/guava/listenablefuture/9999.0-empty-to-avoid-conflict-with-guava/listenablefuture-9999.0-empty-to-avoid-conflict-with-guava.jar:/Users/andres.vargas/.m2/repository/org/checkerframework/checker-compat-qual/2.5.5/checker-compat-qual-2.5.5.jar:/Users/andres.vargas/.m2/repository/com/google/j2objc/j2objc-annotations/1.3/j2objc-annotations-1.3.jar:/Users/andres.vargas/.m2/repository/com/google/errorprone/error_prone_annotations/2.9.0/error_prone_annotations-2.9.0.jar:/Users/andres.vargas/.m2/repository/io/perfmark/perfmark-api/0.23.0/perfmark-api-0.23.0.jar:/Users/andres.vargas/.m2/repository/io/grpc/grpc-core/1.42.1/grpc-core-1.42.1.jar:/Users/andres.vargas/.m2/repository/com/google/code/gson/gson/2.9.1/gson-2.9.1.jar:/Users/andres.vargas/.m2/repository/com/google/android/annotations/4.1.1.4/annotations-4.1.1.4.jar:/Users/andres.vargas/.m2/repository/org/codehaus/mojo/animal-sniffer-annotations/1.19/animal-sniffer-annotations-1.19.jar:/Users/andres.vargas/.m2/repository/io/grpc/grpc-protobuf/1.42.1/grpc-protobuf-1.42.1.jar:/Users/andres.vargas/.m2/repository/io/grpc/grpc-api/1.42.1/grpc-api-1.42.1.jar:/Users/andres.vargas/.m2/repository/io/grpc/grpc-context/1.42.1/grpc-context-1.42.1.jar:/Users/andres.vargas/.m2/repository/com/google/code/findbugs/jsr305/3.0.2/jsr305-3.0.2.jar:/Users/andres.vargas/.m2/repository/com/google/protobuf/protobuf-java/3.17.2/protobuf-java-3.17.2.jar:/Users/andres.vargas/.m2/repository/com/google/api/grpc/proto-google-common-protos/2.0.1/proto-google-common-protos-2.0.1.jar:/Users/andres.vargas/.m2/repository/io/grpc/grpc-protobuf-lite/1.42.1/grpc-protobuf-lite-1.42.1.jar:/Users/andres.vargas/.m2/repository/io/grpc/grpc-stub/1.42.1/grpc-stub-1.42.1.jar:/Users/andres.vargas/.m2/repository/com/fasterxml/jackson/core/jackson-databind/2.13.3/jackson-databind-2.13.3.jar:/Users/andres.vargas/.m2/repository/com/fasterxml/jackson/core/jackson-annotations/2.13.3/jackson-annotations-2.13.3.jar:/Users/andres.vargas/.m2/repository/com/fasterxml/jackson/core/jackson-core/2.13.3/jackson-core-2.13.3.jar:/Users/andres.vargas/.m2/repository/io/projectreactor/reactor-core/3.4.22/reactor-core-3.4.22.jar:/Users/andres.vargas/.m2/repository/org/reactivestreams/reactive-streams/1.0.4/reactive-streams-1.0.4.jar:/Users/andres.vargas/.m2/repository/com/squareup/okhttp3/okhttp/4.9.0/okhttp-4.9.0.jar:/Users/andres.vargas/.m2/repository/com/squareup/okio/okio/2.8.0/okio-2.8.0.jar:/Users/andres.vargas/.m2/repository/org/jetbrains/kotlin/kotlin-stdlib-common/1.6.21/kotlin-stdlib-common-1.6.21.jar:/Users/andres.vargas/.m2/repository/org/jetbrains/kotlin/kotlin-stdlib/1.6.21/kotlin-stdlib-1.6.21.jar:/Users/andres.vargas/.m2/repository/org/jetbrains/annotations/13.0/annotations-13.0.jar:/Users/andres.vargas/.m2/repository/org/slf4j/slf4j-api/1.6.1/slf4j-api-1.6.1.jar:/Users/andres.vargas/.m2/repository/org/slf4j/slf4j-simple/1.6.1/slf4j-simple-1.6.1.jar:"/>
    <property name="sun.cpu.endian" value="little"/>
    <property name="user.home" value="/Users/andres.vargas"/>
    <property name="user.language" value="en"/>
    <property name="java.specification.vendor" value="Oracle Corporation"/>
    <property name="java.version.date" value="2022-01-18"/>
    <property name="java.home" value="/Users/andres.vargas/.sdkman/candidates/java/17.0.2-open"/>
    <property name="file.separator" value="/"/>
    <property name="basedir" value="/Users/andres.vargas/Git/daprJavaDemo/InsightEngine"/>
    <property name="java.vm.compressedOopsMode" value="Zero based"/>
    <property name="line.separator" value="&#10;"/>
    <property name="java.specification.name" value="Java Platform API Specification"/>
    <property name="java.vm.specification.vendor" value="Oracle Corporation"/>
    <property name="surefire.real.class.path" value="/Users/andres.vargas/Git/daprJavaDemo/InsightEngine/target/surefire/surefirebooter14222796375798149206.jar"/>
    <property name="sun.management.compiler" value="HotSpot 64-Bit Tiered Compilers"/>
    <property name="ftp.nonProxyHosts" value="local|*.local|169.254/16|*.169.254/16"/>
    <property name="java.runtime.version" value="17.0.2+8-86"/>
    <property name="user.name" value="andres.vargas"/>
    <property name="path.separator" value=":"/>
    <property name="os.version" value="12.5.1"/>
    <property name="java.runtime.name" value="OpenJDK Runtime Environment"/>
    <property name="file.encoding" value="UTF-8"/>
    <property name="java.vm.name" value="OpenJDK 64-Bit Server VM"/>
    <property name="localRepository" value="/Users/andres.vargas/.m2/repository"/>
    <property name="java.vendor.url.bug" value="https://bugreport.java.com/bugreport/"/>
    <property name="java.io.tmpdir" value="/var/folders/fs/vqnyfscd1ngdl3_lyvjr322w0000gs/T/"/>
    <property name="java.version" value="17.0.2"/>
    <property name="user.dir" value="/Users/andres.vargas/Git/daprJavaDemo/InsightEngine"/>
    <property name="os.arch" value="x86_64"/>
    <property name="java.vm.specification.name" value="Java Virtual Machine Specification"/>
    <property name="native.encoding" value="UTF-8"/>
    <property name="java.library.path" value="/Users/andres.vargas/Library/Java/Extensions:/Library/Java/Extensions:/Network/Library/Java/Extensions:/System/Library/Java/Extensions:/usr/lib/java:."/>
    <property name="java.vm.info" value="mixed mode, sharing"/>
    <property name="java.vendor" value="Oracle Corporation"/>
    <property name="java.vm.version" value="17.0.2+8-86"/>
    <property name="sun.io.unicode.encoding" value="UnicodeBig"/>
    <property name="socksNonProxyHosts" value="local|*.local|169.254/16|*.169.254/16"/>
    <property name="java.class.version" value="61.0"/>
  </properties>
  <testcase name="contextLoads" classname="com.example.insightengine.InsightEngineApplicationTests" time="0.357"/>
</testsuite>